

Started GET "/" for 127.0.0.1 at 2013-11-07 22:16:05 -0500
Processing by WelcomeController#index as HTML
  Rendered welcome/index.html.erb within layouts/application (4.3ms)
Completed 200 OK in 751ms (Views: 478.2ms | ActiveRecord: 0.0ms)


Started GET "/assets/application.css?body=1" for 127.0.0.1 at 2013-11-07 22:16:06 -0500


Started GET "/assets/welcome.css?body=1" for 127.0.0.1 at 2013-11-07 22:16:06 -0500


Started GET "/assets/jquery_ujs.js?body=1" for 127.0.0.1 at 2013-11-07 22:16:06 -0500


Started GET "/assets/jquery.js?body=1" for 127.0.0.1 at 2013-11-07 22:16:06 -0500


Started GET "/assets/welcome.js?body=1" for 127.0.0.1 at 2013-11-07 22:16:07 -0500


Started GET "/assets/turbolinks.js?body=1" for 127.0.0.1 at 2013-11-07 22:16:07 -0500


Started GET "/assets/application.js?body=1" for 127.0.0.1 at 2013-11-07 22:16:07 -0500


Started GET "/" for 127.0.0.1 at 2013-11-07 22:16:08 -0500
Processing by WelcomeController#index as HTML
  Rendered welcome/index.html.erb within layouts/application (3.1ms)
Completed 200 OK in 180ms (Views: 9.9ms | ActiveRecord: 0.0ms)


Started GET "/assets/application.css?body=1" for 127.0.0.1 at 2013-11-07 22:16:09 -0500


Started GET "/assets/welcome.css?body=1" for 127.0.0.1 at 2013-11-07 22:16:09 -0500


Started GET "/assets/turbolinks.js?body=1" for 127.0.0.1 at 2013-11-07 22:16:09 -0500


Started GET "/assets/jquery_ujs.js?body=1" for 127.0.0.1 at 2013-11-07 22:16:09 -0500


Started GET "/assets/jquery.js?body=1" for 127.0.0.1 at 2013-11-07 22:16:09 -0500


Started GET "/assets/welcome.js?body=1" for 127.0.0.1 at 2013-11-07 22:16:09 -0500


Started GET "/assets/application.js?body=1" for 127.0.0.1 at 2013-11-07 22:16:09 -0500


Started GET "/" for 127.0.0.1 at 2013-11-07 22:16:11 -0500
Processing by WelcomeController#index as HTML
  Rendered welcome/index.html.erb within layouts/application (2.9ms)
Completed 200 OK in 297ms (Views: 10.1ms | ActiveRecord: 0.0ms)


Started GET "/assets/application.css?body=1" for 127.0.0.1 at 2013-11-07 22:16:11 -0500


Started GET "/assets/jquery.js?body=1" for 127.0.0.1 at 2013-11-07 22:16:11 -0500


Started GET "/assets/welcome.css?body=1" for 127.0.0.1 at 2013-11-07 22:16:11 -0500


Started GET "/assets/welcome.js?body=1" for 127.0.0.1 at 2013-11-07 22:16:11 -0500


Started GET "/assets/jquery_ujs.js?body=1" for 127.0.0.1 at 2013-11-07 22:16:11 -0500


Started GET "/assets/application.js?body=1" for 127.0.0.1 at 2013-11-07 22:16:11 -0500


Started GET "/assets/turbolinks.js?body=1" for 127.0.0.1 at 2013-11-07 22:16:11 -0500


Started GET "/" for 127.0.0.1 at 2013-11-07 22:19:19 -0500
Processing by WelcomeController#index as HTML
Completed 500 Internal Server Error in 26ms

LoadError (cannot load such file -- ./words):
  lib/game.rb:1:in `<top (required)>'
  app/controllers/welcome_controller.rb:3:in `index'


  Rendered /home/kelly/.rvm/gems/ruby-2.0.0-p247/gems/actionpack-4.0.0/lib/action_dispatch/middleware/templates/rescues/_source.erb (1.7ms)
  Rendered /home/kelly/.rvm/gems/ruby-2.0.0-p247/gems/actionpack-4.0.0/lib/action_dispatch/middleware/templates/rescues/_trace.erb (7.8ms)
  Rendered /home/kelly/.rvm/gems/ruby-2.0.0-p247/gems/actionpack-4.0.0/lib/action_dispatch/middleware/templates/rescues/_request_and_response.erb (1.8ms)
  Rendered /home/kelly/.rvm/gems/ruby-2.0.0-p247/gems/actionpack-4.0.0/lib/action_dispatch/middleware/templates/rescues/diagnostics.erb within rescues/layout (74.8ms)


Started GET "/" for 127.0.0.1 at 2013-11-07 22:19:21 -0500
Processing by WelcomeController#index as HTML
Completed 500 Internal Server Error in 4ms

LoadError (cannot load such file -- ./words):
  lib/game.rb:1:in `<top (required)>'
  app/controllers/welcome_controller.rb:3:in `index'


  Rendered /home/kelly/.rvm/gems/ruby-2.0.0-p247/gems/actionpack-4.0.0/lib/action_dispatch/middleware/templates/rescues/_source.erb (1.3ms)
  Rendered /home/kelly/.rvm/gems/ruby-2.0.0-p247/gems/actionpack-4.0.0/lib/action_dispatch/middleware/templates/rescues/_trace.erb (1.7ms)
  Rendered /home/kelly/.rvm/gems/ruby-2.0.0-p247/gems/actionpack-4.0.0/lib/action_dispatch/middleware/templates/rescues/_request_and_response.erb (1.9ms)
  Rendered /home/kelly/.rvm/gems/ruby-2.0.0-p247/gems/actionpack-4.0.0/lib/action_dispatch/middleware/templates/rescues/diagnostics.erb within rescues/layout (18.4ms)


Started GET "/" for 127.0.0.1 at 2013-11-07 22:19:22 -0500
Processing by WelcomeController#index as HTML
Completed 500 Internal Server Error in 3ms

LoadError (cannot load such file -- ./words):
  lib/game.rb:1:in `<top (required)>'
  app/controllers/welcome_controller.rb:3:in `index'


  Rendered /home/kelly/.rvm/gems/ruby-2.0.0-p247/gems/actionpack-4.0.0/lib/action_dispatch/middleware/templates/rescues/_source.erb (0.9ms)
  Rendered /home/kelly/.rvm/gems/ruby-2.0.0-p247/gems/actionpack-4.0.0/lib/action_dispatch/middleware/templates/rescues/_trace.erb (1.5ms)
  Rendered /home/kelly/.rvm/gems/ruby-2.0.0-p247/gems/actionpack-4.0.0/lib/action_dispatch/middleware/templates/rescues/_request_and_response.erb (2.8ms)
  Rendered /home/kelly/.rvm/gems/ruby-2.0.0-p247/gems/actionpack-4.0.0/lib/action_dispatch/middleware/templates/rescues/diagnostics.erb within rescues/layout (15.7ms)


Started GET "/" for 127.0.0.1 at 2013-11-07 22:19:23 -0500
Processing by WelcomeController#index as HTML
Completed 500 Internal Server Error in 3ms

LoadError (cannot load such file -- ./words):
  lib/game.rb:1:in `<top (required)>'
  app/controllers/welcome_controller.rb:3:in `index'


  Rendered /home/kelly/.rvm/gems/ruby-2.0.0-p247/gems/actionpack-4.0.0/lib/action_dispatch/middleware/templates/rescues/_source.erb (1.5ms)
  Rendered /home/kelly/.rvm/gems/ruby-2.0.0-p247/gems/actionpack-4.0.0/lib/action_dispatch/middleware/templates/rescues/_trace.erb (2.3ms)
  Rendered /home/kelly/.rvm/gems/ruby-2.0.0-p247/gems/actionpack-4.0.0/lib/action_dispatch/middleware/templates/rescues/_request_and_response.erb (1.5ms)
  Rendered /home/kelly/.rvm/gems/ruby-2.0.0-p247/gems/actionpack-4.0.0/lib/action_dispatch/middleware/templates/rescues/diagnostics.erb within rescues/layout (20.3ms)


Started GET "/" for 127.0.0.1 at 2013-11-07 22:19:26 -0500
Processing by WelcomeController#index as HTML
Completed 500 Internal Server Error in 3ms

LoadError (cannot load such file -- ./words):
  lib/game.rb:1:in `<top (required)>'
  app/controllers/welcome_controller.rb:3:in `index'


  Rendered /home/kelly/.rvm/gems/ruby-2.0.0-p247/gems/actionpack-4.0.0/lib/action_dispatch/middleware/templates/rescues/_source.erb (1.0ms)
  Rendered /home/kelly/.rvm/gems/ruby-2.0.0-p247/gems/actionpack-4.0.0/lib/action_dispatch/middleware/templates/rescues/_trace.erb (2.4ms)
  Rendered /home/kelly/.rvm/gems/ruby-2.0.0-p247/gems/actionpack-4.0.0/lib/action_dispatch/middleware/templates/rescues/_request_and_response.erb (1.5ms)
  Rendered /home/kelly/.rvm/gems/ruby-2.0.0-p247/gems/actionpack-4.0.0/lib/action_dispatch/middleware/templates/rescues/diagnostics.erb within rescues/layout (17.0ms)


Started GET "/" for 127.0.0.1 at 2013-11-07 22:19:28 -0500
Processing by WelcomeController#index as HTML
Completed 500 Internal Server Error in 4ms

LoadError (cannot load such file -- ./words):
  lib/game.rb:1:in `<top (required)>'
  app/controllers/welcome_controller.rb:3:in `index'


  Rendered /home/kelly/.rvm/gems/ruby-2.0.0-p247/gems/actionpack-4.0.0/lib/action_dispatch/middleware/templates/rescues/_source.erb (1.8ms)
  Rendered /home/kelly/.rvm/gems/ruby-2.0.0-p247/gems/actionpack-4.0.0/lib/action_dispatch/middleware/templates/rescues/_trace.erb (2.0ms)
  Rendered /home/kelly/.rvm/gems/ruby-2.0.0-p247/gems/actionpack-4.0.0/lib/action_dispatch/middleware/templates/rescues/_request_and_response.erb (1.6ms)
  Rendered /home/kelly/.rvm/gems/ruby-2.0.0-p247/gems/actionpack-4.0.0/lib/action_dispatch/middleware/templates/rescues/diagnostics.erb within rescues/layout (19.0ms)


Started GET "/" for 127.0.0.1 at 2013-11-07 22:19:31 -0500
Processing by WelcomeController#index as HTML
Completed 500 Internal Server Error in 50ms

LoadError (cannot load such file -- ./words):
  lib/game.rb:1:in `<top (required)>'
  app/controllers/welcome_controller.rb:3:in `index'


  Rendered /home/kelly/.rvm/gems/ruby-2.0.0-p247/gems/actionpack-4.0.0/lib/action_dispatch/middleware/templates/rescues/_source.erb (1.0ms)
  Rendered /home/kelly/.rvm/gems/ruby-2.0.0-p247/gems/actionpack-4.0.0/lib/action_dispatch/middleware/templates/rescues/_trace.erb (1.4ms)
  Rendered /home/kelly/.rvm/gems/ruby-2.0.0-p247/gems/actionpack-4.0.0/lib/action_dispatch/middleware/templates/rescues/_request_and_response.erb (1.0ms)
  Rendered /home/kelly/.rvm/gems/ruby-2.0.0-p247/gems/actionpack-4.0.0/lib/action_dispatch/middleware/templates/rescues/diagnostics.erb within rescues/layout (22.6ms)


Started GET "/" for 127.0.0.1 at 2013-11-07 22:19:37 -0500
Processing by WelcomeController#index as HTML
Completed 500 Internal Server Error in 3ms

LoadError (cannot load such file -- ./words):
  lib/game.rb:1:in `<top (required)>'
  app/controllers/welcome_controller.rb:3:in `index'


  Rendered /home/kelly/.rvm/gems/ruby-2.0.0-p247/gems/actionpack-4.0.0/lib/action_dispatch/middleware/templates/rescues/_source.erb (0.8ms)
  Rendered /home/kelly/.rvm/gems/ruby-2.0.0-p247/gems/actionpack-4.0.0/lib/action_dispatch/middleware/templates/rescues/_trace.erb (2.3ms)
  Rendered /home/kelly/.rvm/gems/ruby-2.0.0-p247/gems/actionpack-4.0.0/lib/action_dispatch/middleware/templates/rescues/_request_and_response.erb (1.4ms)
  Rendered /home/kelly/.rvm/gems/ruby-2.0.0-p247/gems/actionpack-4.0.0/lib/action_dispatch/middleware/templates/rescues/diagnostics.erb within rescues/layout (16.4ms)


Started GET "/" for 127.0.0.1 at 2013-11-07 22:20:04 -0500
Processing by WelcomeController#index as HTML
  Rendered welcome/index.html.erb within layouts/application (4.5ms)
Completed 200 OK in 612ms (Views: 79.3ms | ActiveRecord: 0.0ms)


Started GET "/assets/application.css?body=1" for 127.0.0.1 at 2013-11-07 22:20:05 -0500


Started GET "/assets/jquery.js?body=1" for 127.0.0.1 at 2013-11-07 22:20:05 -0500


Started GET "/assets/welcome.css?body=1" for 127.0.0.1 at 2013-11-07 22:20:05 -0500


Started GET "/assets/jquery_ujs.js?body=1" for 127.0.0.1 at 2013-11-07 22:20:05 -0500


Started GET "/assets/application.js?body=1" for 127.0.0.1 at 2013-11-07 22:20:05 -0500


Started GET "/assets/turbolinks.js?body=1" for 127.0.0.1 at 2013-11-07 22:20:05 -0500


Started GET "/assets/welcome.js?body=1" for 127.0.0.1 at 2013-11-07 22:20:05 -0500


Started GET "/" for 127.0.0.1 at 2013-11-07 22:25:02 -0500
Processing by WelcomeController#index as HTML
  Rendered welcome/index.html.erb within layouts/application (3.8ms)
Completed 200 OK in 474ms (Views: 43.3ms | ActiveRecord: 0.0ms)


Started GET "/assets/application.css?body=1" for 127.0.0.1 at 2013-11-07 22:25:02 -0500


Started GET "/assets/welcome.css?body=1" for 127.0.0.1 at 2013-11-07 22:25:02 -0500


Started GET "/assets/jquery.js?body=1" for 127.0.0.1 at 2013-11-07 22:25:02 -0500


Started GET "/assets/jquery_ujs.js?body=1" for 127.0.0.1 at 2013-11-07 22:25:02 -0500


Started GET "/assets/turbolinks.js?body=1" for 127.0.0.1 at 2013-11-07 22:25:02 -0500


Started GET "/assets/welcome.js?body=1" for 127.0.0.1 at 2013-11-07 22:25:02 -0500


Started GET "/assets/application.js?body=1" for 127.0.0.1 at 2013-11-07 22:25:02 -0500
